{"/Users/stefankosavic/flowersApp/ColorScreen/ColorScreen.tsx": {"path":"/Users/stefankosavic/flowersApp/ColorScreen/ColorScreen.tsx","statementMap":{"0":{"start":{"line":7,"column":2},"end":{"line":82,"column":4}},"1":{"start":{"line":55,"column":27},"end":{"line":55,"column":54}},"2":{"start":{"line":85,"column":15},"end":{"line":353,"column":2}}},"fnMap":{"0":{"name":"ColorScreen","decl":{"start":{"line":6,"column":9},"end":{"line":6,"column":20}},"loc":{"start":{"line":6,"column":57},"end":{"line":83,"column":1}},"line":6},"1":{"name":"(anonymous_1)","decl":{"start":{"line":55,"column":21},"end":{"line":55,"column":22}},"loc":{"start":{"line":55,"column":27},"end":{"line":55,"column":54}},"line":55}},"branchMap":{},"s":{"0":1,"1":1,"2":1},"f":{"0":1,"1":1},"b":{},"_coverageSchema":"1a1c01bbd47fc00a2c39e90264f33305004495a9","hash":"96164b64993863da85fa6b26ab5fa5aedf8c13fb"}
,"/Users/stefankosavic/flowersApp/HomeScreen/HomeScreen.tsx": {"path":"/Users/stefankosavic/flowersApp/HomeScreen/HomeScreen.tsx","statementMap":{"0":{"start":{"line":7,"column":26},"end":{"line":7,"column":50}},"1":{"start":{"line":10,"column":2},"end":{"line":22,"column":4}},"2":{"start":{"line":27,"column":15},"end":{"line":41,"column":2}}},"fnMap":{"0":{"name":"HomeScreen","decl":{"start":{"line":9,"column":9},"end":{"line":9,"column":19}},"loc":{"start":{"line":9,"column":56},"end":{"line":23,"column":1}},"line":9}},"branchMap":{},"s":{"0":1,"1":1,"2":1},"f":{"0":1},"b":{},"_coverageSchema":"1a1c01bbd47fc00a2c39e90264f33305004495a9","hash":"c978615489d40d27aba416a043872f32b5066a49"}
,"/Users/stefankosavic/flowersApp/TodoScreen/TodoList.tsx": {"path":"/Users/stefankosavic/flowersApp/TodoScreen/TodoList.tsx","statementMap":{"0":{"start":{"line":13,"column":34},"end":{"line":13,"column":59}},"1":{"start":{"line":14,"column":32},"end":{"line":14,"column":48}},"2":{"start":{"line":15,"column":38},"end":{"line":15,"column":56}},"3":{"start":{"line":17,"column":2},"end":{"line":19,"column":16}},"4":{"start":{"line":18,"column":4},"end":{"line":18,"column":14}},"5":{"start":{"line":21,"column":19},"end":{"line":24,"column":3}},"6":{"start":{"line":22,"column":23},"end":{"line":22,"column":61}},"7":{"start":{"line":23,"column":4},"end":{"line":23,"column":27}},"8":{"start":{"line":26,"column":18},"end":{"line":38,"column":3}},"9":{"start":{"line":27,"column":27},"end":{"line":27,"column":60}},"10":{"start":{"line":28,"column":20},"end":{"line":28,"column":30}},"11":{"start":{"line":29,"column":4},"end":{"line":29,"column":29}},"12":{"start":{"line":30,"column":4},"end":{"line":30,"column":38}},"13":{"start":{"line":31,"column":4},"end":{"line":37,"column":5}},"14":{"start":{"line":32,"column":6},"end":{"line":32,"column":28}},"15":{"start":{"line":35,"column":6},"end":{"line":35,"column":41}},"16":{"start":{"line":36,"column":6},"end":{"line":36,"column":23}},"17":{"start":{"line":40,"column":21},"end":{"line":45,"column":3}},"18":{"start":{"line":41,"column":27},"end":{"line":41,"column":60}},"19":{"start":{"line":42,"column":4},"end":{"line":42,"column":40}},"20":{"start":{"line":43,"column":23},"end":{"line":43,"column":61}},"21":{"start":{"line":44,"column":4},"end":{"line":44,"column":27}},"22":{"start":{"line":47,"column":2},"end":{"line":102,"column":4}},"23":{"start":{"line":79,"column":16},"end":{"line":95,"column":18}},"24":{"start":{"line":86,"column":39},"end":{"line":86,"column":58}},"25":{"start":{"line":106,"column":15},"end":{"line":195,"column":2}}},"fnMap":{"0":{"name":"TodoList","decl":{"start":{"line":11,"column":24},"end":{"line":11,"column":32}},"loc":{"start":{"line":11,"column":35},"end":{"line":103,"column":1}},"line":11},"1":{"name":"(anonymous_1)","decl":{"start":{"line":17,"column":12},"end":{"line":17,"column":13}},"loc":{"start":{"line":17,"column":18},"end":{"line":19,"column":3}},"line":17},"2":{"name":"(anonymous_2)","decl":{"start":{"line":21,"column":19},"end":{"line":21,"column":20}},"loc":{"start":{"line":21,"column":31},"end":{"line":24,"column":3}},"line":21},"3":{"name":"(anonymous_3)","decl":{"start":{"line":26,"column":18},"end":{"line":26,"column":19}},"loc":{"start":{"line":26,"column":30},"end":{"line":38,"column":3}},"line":26},"4":{"name":"(anonymous_4)","decl":{"start":{"line":40,"column":21},"end":{"line":40,"column":22}},"loc":{"start":{"line":40,"column":47},"end":{"line":45,"column":3}},"line":40},"5":{"name":"(anonymous_5)","decl":{"start":{"line":78,"column":28},"end":{"line":78,"column":29}},"loc":{"start":{"line":78,"column":38},"end":{"line":96,"column":15}},"line":78},"6":{"name":"(anonymous_6)","decl":{"start":{"line":86,"column":33},"end":{"line":86,"column":34}},"loc":{"start":{"line":86,"column":39},"end":{"line":86,"column":58}},"line":86}},"branchMap":{"0":{"loc":{"start":{"line":31,"column":4},"end":{"line":37,"column":5}},"type":"if","locations":[{"start":{"line":31,"column":4},"end":{"line":37,"column":5}},{"start":{"line":34,"column":9},"end":{"line":37,"column":5}}],"line":31}},"s":{"0":2,"1":1,"2":1,"3":1,"4":0,"5":1,"6":0,"7":0,"8":1,"9":0,"10":0,"11":0,"12":0,"13":0,"14":0,"15":0,"16":0,"17":1,"18":0,"19":0,"20":0,"21":0,"22":1,"23":0,"24":0,"25":1},"f":{"0":2,"1":0,"2":0,"3":0,"4":0,"5":0,"6":0},"b":{"0":[0,0]},"_coverageSchema":"1a1c01bbd47fc00a2c39e90264f33305004495a9","hash":"f4be26ff4fb61276b6a63f43f0115dece74ad667"}
,"/Users/stefankosavic/flowersApp/accessories/Title.tsx": {"path":"/Users/stefankosavic/flowersApp/accessories/Title.tsx","statementMap":{"0":{"start":{"line":7,"column":2},"end":{"line":11,"column":4}},"1":{"start":{"line":16,"column":15},"end":{"line":31,"column":2}}},"fnMap":{"0":{"name":"Title","decl":{"start":{"line":6,"column":9},"end":{"line":6,"column":14}},"loc":{"start":{"line":6,"column":33},"end":{"line":12,"column":1}},"line":6}},"branchMap":{},"s":{"0":1,"1":1},"f":{"0":1},"b":{},"_coverageSchema":"1a1c01bbd47fc00a2c39e90264f33305004495a9","hash":"e6e67d89eb61b5bde81c33c1ac3ff56d06f9db98"}
,"/Users/stefankosavic/flowersApp/components/Flower.tsx": {"path":"/Users/stefankosavic/flowersApp/components/Flower.tsx","statementMap":{"0":{"start":{"line":13,"column":24},"end":{"line":25,"column":1}},"1":{"start":{"line":27,"column":15},"end":{"line":47,"column":1}},"2":{"start":{"line":28,"column":21},"end":{"line":28,"column":36}},"3":{"start":{"line":30,"column":2},"end":{"line":46,"column":4}},"4":{"start":{"line":33,"column":8},"end":{"line":33,"column":63}},"5":{"start":{"line":49,"column":15},"end":{"line":66,"column":2}}},"fnMap":{"0":{"name":"(anonymous_0)","decl":{"start":{"line":27,"column":15},"end":{"line":27,"column":16}},"loc":{"start":{"line":27,"column":31},"end":{"line":47,"column":1}},"line":27},"1":{"name":"(anonymous_1)","decl":{"start":{"line":32,"column":15},"end":{"line":32,"column":16}},"loc":{"start":{"line":32,"column":21},"end":{"line":34,"column":7}},"line":32}},"branchMap":{},"s":{"0":2,"1":2,"2":1,"3":1,"4":0,"5":2},"f":{"0":1,"1":0},"b":{},"_coverageSchema":"1a1c01bbd47fc00a2c39e90264f33305004495a9","hash":"3d502f320b34b3b96eac1650dd554524a327cfdf"}
,"/Users/stefankosavic/flowersApp/components/FlowerList.tsx": {"path":"/Users/stefankosavic/flowersApp/components/FlowerList.tsx","statementMap":{"0":{"start":{"line":9,"column":40},"end":{"line":9,"column":57}},"1":{"start":{"line":11,"column":2},"end":{"line":18,"column":9}},"2":{"start":{"line":12,"column":20},"end":{"line":16,"column":5}},"3":{"start":{"line":13,"column":6},"end":{"line":15,"column":54}},"4":{"start":{"line":14,"column":28},"end":{"line":14,"column":43}},"5":{"start":{"line":15,"column":24},"end":{"line":15,"column":52}},"6":{"start":{"line":17,"column":4},"end":{"line":17,"column":14}},"7":{"start":{"line":20,"column":2},"end":{"line":30,"column":4}},"8":{"start":{"line":25,"column":36},"end":{"line":25,"column":77}},"9":{"start":{"line":26,"column":34},"end":{"line":26,"column":38}},"10":{"start":{"line":33,"column":15},"end":{"line":37,"column":2}}},"fnMap":{"0":{"name":"FlowerList","decl":{"start":{"line":8,"column":24},"end":{"line":8,"column":34}},"loc":{"start":{"line":8,"column":37},"end":{"line":31,"column":1}},"line":8},"1":{"name":"(anonymous_1)","decl":{"start":{"line":11,"column":12},"end":{"line":11,"column":13}},"loc":{"start":{"line":11,"column":18},"end":{"line":18,"column":3}},"line":11},"2":{"name":"(anonymous_2)","decl":{"start":{"line":12,"column":20},"end":{"line":12,"column":21}},"loc":{"start":{"line":12,"column":32},"end":{"line":16,"column":5}},"line":12},"3":{"name":"(anonymous_3)","decl":{"start":{"line":14,"column":14},"end":{"line":14,"column":15}},"loc":{"start":{"line":14,"column":28},"end":{"line":14,"column":43}},"line":14},"4":{"name":"(anonymous_4)","decl":{"start":{"line":15,"column":14},"end":{"line":15,"column":15}},"loc":{"start":{"line":15,"column":24},"end":{"line":15,"column":52}},"line":15},"5":{"name":"(anonymous_5)","decl":{"start":{"line":25,"column":22},"end":{"line":25,"column":23}},"loc":{"start":{"line":25,"column":36},"end":{"line":25,"column":77}},"line":25},"6":{"name":"(anonymous_6)","decl":{"start":{"line":26,"column":24},"end":{"line":26,"column":25}},"loc":{"start":{"line":26,"column":34},"end":{"line":26,"column":38}},"line":26}},"branchMap":{},"s":{"0":1,"1":1,"2":1,"3":1,"4":0,"5":0,"6":1,"7":1,"8":0,"9":0,"10":1},"f":{"0":1,"1":1,"2":1,"3":0,"4":0,"5":0,"6":0},"b":{},"_coverageSchema":"1a1c01bbd47fc00a2c39e90264f33305004495a9","hash":"dc712da294b6472644bc33a9e36f3f6347e049c6"}
,"/Users/stefankosavic/flowersApp/database/AppDataSource.tsx": {"path":"/Users/stefankosavic/flowersApp/database/AppDataSource.tsx","statementMap":{"0":{"start":{"line":10,"column":55},"end":{"line":16,"column":1}},"1":{"start":{"line":19,"column":29},"end":{"line":19,"column":65}}},"fnMap":{},"branchMap":{},"s":{"0":1,"1":1},"f":{},"b":{},"_coverageSchema":"1a1c01bbd47fc00a2c39e90264f33305004495a9","hash":"89b9e6379712e899b09cdcd04a08e4d12d69d49e"}
,"/Users/stefankosavic/flowersApp/database/entities/Task.tsx": {"path":"/Users/stefankosavic/flowersApp/database/entities/Task.tsx","statementMap":{},"fnMap":{},"branchMap":{},"s":{},"f":{},"b":{},"_coverageSchema":"1a1c01bbd47fc00a2c39e90264f33305004495a9","hash":"7f63653996566124f11fc848496bc549f59e0ebf"}
,"/Users/stefankosavic/flowersApp/database/entities/User.tsx": {"path":"/Users/stefankosavic/flowersApp/database/entities/User.tsx","statementMap":{},"fnMap":{},"branchMap":{},"s":{},"f":{},"b":{},"_coverageSchema":"1a1c01bbd47fc00a2c39e90264f33305004495a9","hash":"49c9088c9c6ee0618947df760d6d0bc3cdd4abe7"}
}
