{"/Users/stefankosavic/flowersApp/components/Flower/Flower.tsx": {"path":"/Users/stefankosavic/flowersApp/components/Flower/Flower.tsx","statementMap":{"0":{"start":{"line":10,"column":24},"end":{"line":22,"column":1}},"1":{"start":{"line":28,"column":15},"end":{"line":48,"column":1}},"2":{"start":{"line":29,"column":21},"end":{"line":29,"column":36}},"3":{"start":{"line":31,"column":2},"end":{"line":47,"column":4}},"4":{"start":{"line":34,"column":8},"end":{"line":34,"column":63}},"5":{"start":{"line":50,"column":15},"end":{"line":67,"column":2}}},"fnMap":{"0":{"name":"(anonymous_0)","decl":{"start":{"line":28,"column":15},"end":{"line":28,"column":16}},"loc":{"start":{"line":28,"column":39},"end":{"line":48,"column":1}},"line":28},"1":{"name":"(anonymous_1)","decl":{"start":{"line":33,"column":15},"end":{"line":33,"column":16}},"loc":{"start":{"line":33,"column":21},"end":{"line":35,"column":7}},"line":33}},"branchMap":{},"s":{"0":3,"1":3,"2":1,"3":1,"4":0,"5":3},"f":{"0":1,"1":0},"b":{},"_coverageSchema":"1a1c01bbd47fc00a2c39e90264f33305004495a9","hash":"b3f8768fca91725f28007907018b7219d5269d6e"}
,"/Users/stefankosavic/flowersApp/components/FlowerList/FlowerList.tsx": {"path":"/Users/stefankosavic/flowersApp/components/FlowerList/FlowerList.tsx","statementMap":{"0":{"start":{"line":7,"column":40},"end":{"line":7,"column":65}},"1":{"start":{"line":9,"column":18},"end":{"line":13,"column":3}},"2":{"start":{"line":10,"column":4},"end":{"line":12,"column":52}},"3":{"start":{"line":11,"column":26},"end":{"line":11,"column":41}},"4":{"start":{"line":12,"column":22},"end":{"line":12,"column":50}},"5":{"start":{"line":15,"column":2},"end":{"line":17,"column":9}},"6":{"start":{"line":16,"column":4},"end":{"line":16,"column":14}},"7":{"start":{"line":19,"column":2},"end":{"line":29,"column":4}},"8":{"start":{"line":24,"column":36},"end":{"line":24,"column":77}},"9":{"start":{"line":25,"column":34},"end":{"line":25,"column":38}},"10":{"start":{"line":31,"column":15},"end":{"line":35,"column":2}}},"fnMap":{"0":{"name":"FlowerList","decl":{"start":{"line":6,"column":24},"end":{"line":6,"column":34}},"loc":{"start":{"line":6,"column":37},"end":{"line":30,"column":1}},"line":6},"1":{"name":"(anonymous_1)","decl":{"start":{"line":9,"column":18},"end":{"line":9,"column":19}},"loc":{"start":{"line":9,"column":30},"end":{"line":13,"column":3}},"line":9},"2":{"name":"(anonymous_2)","decl":{"start":{"line":11,"column":12},"end":{"line":11,"column":13}},"loc":{"start":{"line":11,"column":26},"end":{"line":11,"column":41}},"line":11},"3":{"name":"(anonymous_3)","decl":{"start":{"line":12,"column":12},"end":{"line":12,"column":13}},"loc":{"start":{"line":12,"column":22},"end":{"line":12,"column":50}},"line":12},"4":{"name":"(anonymous_4)","decl":{"start":{"line":15,"column":12},"end":{"line":15,"column":13}},"loc":{"start":{"line":15,"column":18},"end":{"line":17,"column":3}},"line":15},"5":{"name":"(anonymous_5)","decl":{"start":{"line":24,"column":22},"end":{"line":24,"column":23}},"loc":{"start":{"line":24,"column":36},"end":{"line":24,"column":77}},"line":24},"6":{"name":"(anonymous_6)","decl":{"start":{"line":25,"column":24},"end":{"line":25,"column":25}},"loc":{"start":{"line":25,"column":34},"end":{"line":25,"column":38}},"line":25}},"branchMap":{},"s":{"0":2,"1":2,"2":2,"3":0,"4":0,"5":2,"6":2,"7":2,"8":0,"9":0,"10":2},"f":{"0":2,"1":2,"2":0,"3":0,"4":2,"5":0,"6":0},"b":{},"_coverageSchema":"1a1c01bbd47fc00a2c39e90264f33305004495a9","hash":"4180fb476e21082bb5496839892697a902745b61"}
,"/Users/stefankosavic/flowersApp/components/Title/Title.tsx": {"path":"/Users/stefankosavic/flowersApp/components/Title/Title.tsx","statementMap":{"0":{"start":{"line":9,"column":2},"end":{"line":13,"column":4}},"1":{"start":{"line":18,"column":15},"end":{"line":33,"column":2}}},"fnMap":{"0":{"name":"Title","decl":{"start":{"line":8,"column":9},"end":{"line":8,"column":14}},"loc":{"start":{"line":8,"column":40},"end":{"line":14,"column":1}},"line":8}},"branchMap":{},"s":{"0":1,"1":1},"f":{"0":1},"b":{},"_coverageSchema":"1a1c01bbd47fc00a2c39e90264f33305004495a9","hash":"007c60979a801976e49636222979d5f09d3bc9cf"}
,"/Users/stefankosavic/flowersApp/screens/ColorScreen/ColorScreen.tsx": {"path":"/Users/stefankosavic/flowersApp/screens/ColorScreen/ColorScreen.tsx","statementMap":{"0":{"start":{"line":7,"column":2},"end":{"line":82,"column":4}},"1":{"start":{"line":55,"column":27},"end":{"line":55,"column":56}},"2":{"start":{"line":85,"column":15},"end":{"line":353,"column":2}}},"fnMap":{"0":{"name":"ColorScreen","decl":{"start":{"line":6,"column":9},"end":{"line":6,"column":20}},"loc":{"start":{"line":6,"column":57},"end":{"line":83,"column":1}},"line":6},"1":{"name":"(anonymous_1)","decl":{"start":{"line":55,"column":21},"end":{"line":55,"column":22}},"loc":{"start":{"line":55,"column":27},"end":{"line":55,"column":56}},"line":55}},"branchMap":{},"s":{"0":1,"1":1,"2":1},"f":{"0":1,"1":1},"b":{},"_coverageSchema":"1a1c01bbd47fc00a2c39e90264f33305004495a9","hash":"a6e98b20e2bd05868e7b95ffcba9d5b0a15eea3e"}
,"/Users/stefankosavic/flowersApp/screens/HomeScreen/HomeScreen.tsx": {"path":"/Users/stefankosavic/flowersApp/screens/HomeScreen/HomeScreen.tsx","statementMap":{"0":{"start":{"line":8,"column":2},"end":{"line":17,"column":4}},"1":{"start":{"line":22,"column":15},"end":{"line":35,"column":2}}},"fnMap":{"0":{"name":"HomeScreen","decl":{"start":{"line":7,"column":9},"end":{"line":7,"column":19}},"loc":{"start":{"line":7,"column":56},"end":{"line":18,"column":1}},"line":7}},"branchMap":{},"s":{"0":1,"1":1},"f":{"0":1},"b":{},"_coverageSchema":"1a1c01bbd47fc00a2c39e90264f33305004495a9","hash":"4c87ea5e2aa350ab2b92c7fcd096be0f4f29780d"}
}
