TN:
SF:ColorScreen/ColorScreen.tsx
FN:6,ColorScreen
FN:55,(anonymous_1)
FNF:2
FNH:2
FNDA:1,ColorScreen
FNDA:1,(anonymous_1)
DA:7,1
DA:55,1
DA:85,1
LF:3
LH:3
BRF:0
BRH:0
end_of_record
TN:
SF:HomeScreen/HomeScreen.tsx
FN:9,HomeScreen
FNF:1
FNH:1
FNDA:1,HomeScreen
DA:7,1
DA:10,1
DA:27,1
LF:3
LH:3
BRF:0
BRH:0
end_of_record
TN:
SF:TodoScreen/TodoList.tsx
FN:11,TodoList
FN:17,(anonymous_1)
FN:21,(anonymous_2)
FN:26,(anonymous_3)
FN:40,(anonymous_4)
FN:78,(anonymous_5)
FN:86,(anonymous_6)
FNF:7
FNH:1
FNDA:2,TodoList
FNDA:0,(anonymous_1)
FNDA:0,(anonymous_2)
FNDA:0,(anonymous_3)
FNDA:0,(anonymous_4)
FNDA:0,(anonymous_5)
FNDA:0,(anonymous_6)
DA:13,2
DA:14,1
DA:15,1
DA:17,1
DA:18,0
DA:21,1
DA:22,0
DA:23,0
DA:26,1
DA:27,0
DA:28,0
DA:29,0
DA:30,0
DA:31,0
DA:32,0
DA:35,0
DA:36,0
DA:40,1
DA:41,0
DA:42,0
DA:43,0
DA:44,0
DA:47,1
DA:79,0
DA:86,0
DA:106,1
LF:26
LH:9
BRDA:31,0,0,0
BRDA:31,0,1,0
BRF:2
BRH:0
end_of_record
TN:
SF:accessories/Title.tsx
FN:6,Title
FNF:1
FNH:1
FNDA:1,Title
DA:7,1
DA:16,1
LF:2
LH:2
BRF:0
BRH:0
end_of_record
TN:
SF:components/Flower.tsx
FN:27,(anonymous_0)
FN:32,(anonymous_1)
FNF:2
FNH:1
FNDA:1,(anonymous_0)
FNDA:0,(anonymous_1)
DA:13,2
DA:27,2
DA:28,1
DA:30,1
DA:33,0
DA:49,2
LF:6
LH:5
BRF:0
BRH:0
end_of_record
TN:
SF:components/FlowerList.tsx
FN:8,FlowerList
FN:11,(anonymous_1)
FN:12,(anonymous_2)
FN:14,(anonymous_3)
FN:15,(anonymous_4)
FN:25,(anonymous_5)
FN:26,(anonymous_6)
FNF:7
FNH:3
FNDA:1,FlowerList
FNDA:1,(anonymous_1)
FNDA:1,(anonymous_2)
FNDA:0,(anonymous_3)
FNDA:0,(anonymous_4)
FNDA:0,(anonymous_5)
FNDA:0,(anonymous_6)
DA:9,1
DA:11,1
DA:12,1
DA:13,1
DA:14,0
DA:15,0
DA:17,1
DA:20,1
DA:25,0
DA:26,0
DA:33,1
LF:11
LH:7
BRF:0
BRH:0
end_of_record
TN:
SF:database/AppDataSource.tsx
FNF:0
FNH:0
DA:10,1
DA:19,1
LF:2
LH:2
BRF:0
BRH:0
end_of_record
TN:
SF:database/entities/Task.tsx
FNF:0
FNH:0
LF:0
LH:0
BRF:0
BRH:0
end_of_record
TN:
SF:database/entities/User.tsx
FNF:0
FNH:0
LF:0
LH:0
BRF:0
BRH:0
end_of_record
