TN:
SF:components/Flower/Flower.tsx
FN:28,(anonymous_0)
FN:33,(anonymous_1)
FNF:2
FNH:1
FNDA:1,(anonymous_0)
FNDA:0,(anonymous_1)
DA:10,3
DA:28,3
DA:29,1
DA:31,1
DA:34,0
DA:50,3
LF:6
LH:5
BRF:0
BRH:0
end_of_record
TN:
SF:components/FlowerList/FlowerList.tsx
FN:6,FlowerList
FN:9,(anonymous_1)
FN:11,(anonymous_2)
FN:12,(anonymous_3)
FN:15,(anonymous_4)
FN:24,(anonymous_5)
FN:25,(anonymous_6)
FNF:7
FNH:3
FNDA:2,FlowerList
FNDA:2,(anonymous_1)
FNDA:0,(anonymous_2)
FNDA:0,(anonymous_3)
FNDA:2,(anonymous_4)
FNDA:0,(anonymous_5)
FNDA:0,(anonymous_6)
DA:7,2
DA:9,2
DA:10,2
DA:11,0
DA:12,0
DA:15,2
DA:16,2
DA:19,2
DA:24,0
DA:25,0
DA:31,2
LF:11
LH:7
BRF:0
BRH:0
end_of_record
TN:
SF:components/Title/Title.tsx
FN:8,Title
FNF:1
FNH:1
FNDA:1,Title
DA:9,1
DA:18,1
LF:2
LH:2
BRF:0
BRH:0
end_of_record
TN:
SF:screens/ColorScreen/ColorScreen.tsx
FN:6,ColorScreen
FN:55,(anonymous_1)
FNF:2
FNH:2
FNDA:1,ColorScreen
FNDA:1,(anonymous_1)
DA:7,1
DA:55,1
DA:85,1
LF:3
LH:3
BRF:0
BRH:0
end_of_record
TN:
SF:screens/HomeScreen/HomeScreen.tsx
FN:7,HomeScreen
FNF:1
FNH:1
FNDA:1,HomeScreen
DA:8,1
DA:22,1
LF:2
LH:2
BRF:0
BRH:0
end_of_record
